<html>
<head>
<title>TestNG:  Regression</title>
<link href="../testng.css" rel="stylesheet" type="text/css" />
<link href="../my-testng.css" rel="stylesheet" type="text/css" />

<style type="text/css">
.log { display: none;} 
.stack-trace { display: none;} 
</style>
<script type="text/javascript">
<!--
function flip(e) {
  current = e.style.display;
  if (current == 'block') {
    e.style.display = 'none';
    return 0;
  }
  else {
    e.style.display = 'block';
    return 1;
  }
}

function toggleBox(szDivId, elem, msg1, msg2)
{
  var res = -1;  if (document.getElementById) {
    res = flip(document.getElementById(szDivId));
  }
  else if (document.all) {
    // this is the way old msie versions work
    res = flip(document.all[szDivId]);
  }
  if(elem) {
    if(res == 0) elem.innerHTML = msg1; else elem.innerHTML = msg2;
  }

}

function toggleAllBoxes() {
  if (document.getElementsByTagName) {
    d = document.getElementsByTagName('div');
    for (i = 0; i < d.length; i++) {
      if (d[i].className == 'log') {
        flip(d[i]);
      }
    }
  }
}

// -->
</script>

</head>
<body>
<h2 align='center'>Regression</h2><table border='1' align="center">
<tr>
<td>Tests passed/Failed/Skipped:</td><td>30/6/3</td>
</tr><tr>
<td>Started on:</td><td>Fri Aug 21 15:14:41 IST 2020</td>
</tr>
<tr><td>Total time:</td><td>0 seconds (368 ms)</td>
</tr><tr>
<td>Included groups:</td><td></td>
</tr><tr>
<td>Excluded groups:</td><td></td>
</tr>
</table><p/>
<small><i>(Hover the method name to see the test class name)</i></small><p/>
<table width='100%' border='1' class='invocation-failed'>
<tr><td colspan='4' align='center'><b>FAILED TESTS</b></td></tr>
<tr><td><b>Test method</b></td>
<td width="30%"><b>Exception</b></td>
<td width="10%"><b>Time (seconds)</b></td>
<td><b>Instance</b></td>
</tr>
<tr>
<td title='PracticesBYTestNG.SecondTesting.rctdfdfest()'><b>rctdfdfest</b><br>Test class: PracticesBYTestNG.SecondTesting</td>
<td><div><pre>java.lang.AssertionError: expected [false] but found [true]
	at PracticesBYTestNG.SecondTesting.rctdfdfest(SecondTesting.java:43)
... Removed 31 stack frames</pre></div><a href='#' onClick='toggleBox("stack-trace841283083", this, "Click to show all stack frames", "Click to hide stack frames")'>Click to show all stack frames</a>
<div class='stack-trace' id='stack-trace841283083'><pre>java.lang.AssertionError: expected [false] but found [true]
	at org.testng.Assert.fail(Assert.java:94)
	at org.testng.Assert.failNotEquals(Assert.java:513)
	at org.testng.Assert.assertEqualsImpl(Assert.java:135)
	at org.testng.Assert.assertEquals(Assert.java:116)
	at org.testng.Assert.assertEquals(Assert.java:305)
	at org.testng.Assert.assertEquals(Assert.java:315)
	at PracticesBYTestNG.SecondTesting.rctdfdfest(SecondTesting.java:43)
	at sun.reflect.NativeMethodAccessorImpl.invoke0(Native Method)
	at sun.reflect.NativeMethodAccessorImpl.invoke(Unknown Source)
	at sun.reflect.DelegatingMethodAccessorImpl.invoke(Unknown Source)
	at java.lang.reflect.Method.invoke(Unknown Source)
	at org.testng.internal.MethodInvocationHelper.invokeMethod(MethodInvocationHelper.java:86)
	at org.testng.internal.Invoker.invokeMethod(Invoker.java:646)
	at org.testng.internal.Invoker.invokeTestMethod(Invoker.java:823)
	at org.testng.internal.Invoker.invokeTestMethods(Invoker.java:1131)
	at org.testng.internal.TestMethodWorker.invokeTestMethods(TestMethodWorker.java:129)
	at org.testng.internal.TestMethodWorker.run(TestMethodWorker.java:112)
	at org.testng.TestRunner.privateRun(TestRunner.java:778)
	at org.testng.TestRunner.run(TestRunner.java:632)
	at org.testng.SuiteRunner.runTest(SuiteRunner.java:366)
	at org.testng.SuiteRunner.runSequentially(SuiteRunner.java:361)
	at org.testng.SuiteRunner.privateRun(SuiteRunner.java:319)
	at org.testng.SuiteRunner.run(SuiteRunner.java:268)
	at org.testng.SuiteRunnerWorker.runSuite(SuiteRunnerWorker.java:52)
	at org.testng.SuiteRunnerWorker.run(SuiteRunnerWorker.java:86)
	at org.testng.TestNG.runSuitesSequentially(TestNG.java:1225)
	at org.testng.TestNG.runSuitesLocally(TestNG.java:1150)
	at org.testng.TestNG.runSuites(TestNG.java:1075)
	at org.testng.TestNG.run(TestNG.java:1047)
	at org.testng.remote.AbstractRemoteTestNG.run(AbstractRemoteTestNG.java:126)
	at org.testng.remote.RemoteTestNG.initAndRun(RemoteTestNG.java:137)
	at org.testng.remote.RemoteTestNG.main(RemoteTestNG.java:58)
</pre></div></td>
<td>0</td>
<td>PracticesBYTestNG.SecondTesting@6d78f375</td></tr>
<tr>
<td title='PracticesBYTestNG.TestNGKeyWoards.rctest()'><b>rctest</b><br>Test class: PracticesBYTestNG.TestNGKeyWoards</td>
<td><div><pre>java.lang.AssertionError: expected [false] but found [true]
	at PracticesBYTestNG.TestNGKeyWoards.rctest(TestNGKeyWoards.java:56)
... Removed 31 stack frames</pre></div><a href='#' onClick='toggleBox("stack-trace1875308878", this, "Click to show all stack frames", "Click to hide stack frames")'>Click to show all stack frames</a>
<div class='stack-trace' id='stack-trace1875308878'><pre>java.lang.AssertionError: expected [false] but found [true]
	at org.testng.Assert.fail(Assert.java:94)
	at org.testng.Assert.failNotEquals(Assert.java:513)
	at org.testng.Assert.assertEqualsImpl(Assert.java:135)
	at org.testng.Assert.assertEquals(Assert.java:116)
	at org.testng.Assert.assertEquals(Assert.java:305)
	at org.testng.Assert.assertEquals(Assert.java:315)
	at PracticesBYTestNG.TestNGKeyWoards.rctest(TestNGKeyWoards.java:56)
	at sun.reflect.NativeMethodAccessorImpl.invoke0(Native Method)
	at sun.reflect.NativeMethodAccessorImpl.invoke(Unknown Source)
	at sun.reflect.DelegatingMethodAccessorImpl.invoke(Unknown Source)
	at java.lang.reflect.Method.invoke(Unknown Source)
	at org.testng.internal.MethodInvocationHelper.invokeMethod(MethodInvocationHelper.java:86)
	at org.testng.internal.Invoker.invokeMethod(Invoker.java:646)
	at org.testng.internal.Invoker.invokeTestMethod(Invoker.java:823)
	at org.testng.internal.Invoker.invokeTestMethods(Invoker.java:1131)
	at org.testng.internal.TestMethodWorker.invokeTestMethods(TestMethodWorker.java:129)
	at org.testng.internal.TestMethodWorker.run(TestMethodWorker.java:112)
	at org.testng.TestRunner.privateRun(TestRunner.java:778)
	at org.testng.TestRunner.run(TestRunner.java:632)
	at org.testng.SuiteRunner.runTest(SuiteRunner.java:366)
	at org.testng.SuiteRunner.runSequentially(SuiteRunner.java:361)
	at org.testng.SuiteRunner.privateRun(SuiteRunner.java:319)
	at org.testng.SuiteRunner.run(SuiteRunner.java:268)
	at org.testng.SuiteRunnerWorker.runSuite(SuiteRunnerWorker.java:52)
	at org.testng.SuiteRunnerWorker.run(SuiteRunnerWorker.java:86)
	at org.testng.TestNG.runSuitesSequentially(TestNG.java:1225)
	at org.testng.TestNG.runSuitesLocally(TestNG.java:1150)
	at org.testng.TestNG.runSuites(TestNG.java:1075)
	at org.testng.TestNG.run(TestNG.java:1047)
	at org.testng.remote.AbstractRemoteTestNG.run(AbstractRemoteTestNG.java:126)
	at org.testng.remote.RemoteTestNG.initAndRun(RemoteTestNG.java:137)
	at org.testng.remote.RemoteTestNG.main(RemoteTestNG.java:58)
</pre></div></td>
<td>0</td>
<td>PracticesBYTestNG.TestNGKeyWoards@548b7f67</td></tr>
<tr>
<td title='PracticesBYTestNG.ThirdTest.rctjhghjest()'><b>rctjhghjest</b><br>Test class: PracticesBYTestNG.ThirdTest</td>
<td><div><pre>java.lang.AssertionError: expected [false] but found [true]
	at PracticesBYTestNG.ThirdTest.rctjhghjest(ThirdTest.java:43)
... Removed 31 stack frames</pre></div><a href='#' onClick='toggleBox("stack-trace1709366259", this, "Click to show all stack frames", "Click to hide stack frames")'>Click to show all stack frames</a>
<div class='stack-trace' id='stack-trace1709366259'><pre>java.lang.AssertionError: expected [false] but found [true]
	at org.testng.Assert.fail(Assert.java:94)
	at org.testng.Assert.failNotEquals(Assert.java:513)
	at org.testng.Assert.assertEqualsImpl(Assert.java:135)
	at org.testng.Assert.assertEquals(Assert.java:116)
	at org.testng.Assert.assertEquals(Assert.java:305)
	at org.testng.Assert.assertEquals(Assert.java:315)
	at PracticesBYTestNG.ThirdTest.rctjhghjest(ThirdTest.java:43)
	at sun.reflect.NativeMethodAccessorImpl.invoke0(Native Method)
	at sun.reflect.NativeMethodAccessorImpl.invoke(Unknown Source)
	at sun.reflect.DelegatingMethodAccessorImpl.invoke(Unknown Source)
	at java.lang.reflect.Method.invoke(Unknown Source)
	at org.testng.internal.MethodInvocationHelper.invokeMethod(MethodInvocationHelper.java:86)
	at org.testng.internal.Invoker.invokeMethod(Invoker.java:646)
	at org.testng.internal.Invoker.invokeTestMethod(Invoker.java:823)
	at org.testng.internal.Invoker.invokeTestMethods(Invoker.java:1131)
	at org.testng.internal.TestMethodWorker.invokeTestMethods(TestMethodWorker.java:129)
	at org.testng.internal.TestMethodWorker.run(TestMethodWorker.java:112)
	at org.testng.TestRunner.privateRun(TestRunner.java:778)
	at org.testng.TestRunner.run(TestRunner.java:632)
	at org.testng.SuiteRunner.runTest(SuiteRunner.java:366)
	at org.testng.SuiteRunner.runSequentially(SuiteRunner.java:361)
	at org.testng.SuiteRunner.privateRun(SuiteRunner.java:319)
	at org.testng.SuiteRunner.run(SuiteRunner.java:268)
	at org.testng.SuiteRunnerWorker.runSuite(SuiteRunnerWorker.java:52)
	at org.testng.SuiteRunnerWorker.run(SuiteRunnerWorker.java:86)
	at org.testng.TestNG.runSuitesSequentially(TestNG.java:1225)
	at org.testng.TestNG.runSuitesLocally(TestNG.java:1150)
	at org.testng.TestNG.runSuites(TestNG.java:1075)
	at org.testng.TestNG.run(TestNG.java:1047)
	at org.testng.remote.AbstractRemoteTestNG.run(AbstractRemoteTestNG.java:126)
	at org.testng.remote.RemoteTestNG.initAndRun(RemoteTestNG.java:137)
	at org.testng.remote.RemoteTestNG.main(RemoteTestNG.java:58)
</pre></div></td>
<td>0</td>
<td>PracticesBYTestNG.ThirdTest@7ac7a4e4</td></tr>
<tr>
<td title='PracticesBYTestNG.ThirdTest.tesgdfgting()'><b>tesgdfgting</b><br>Test class: PracticesBYTestNG.ThirdTest</td>
<td><div><pre>java.lang.ArithmeticException: / by zero
	at PracticesBYTestNG.ThirdTest.tesgdfgting(ThirdTest.java:26)
... Removed 25 stack frames</pre></div><a href='#' onClick='toggleBox("stack-trace1663411182", this, "Click to show all stack frames", "Click to hide stack frames")'>Click to show all stack frames</a>
<div class='stack-trace' id='stack-trace1663411182'><pre>java.lang.ArithmeticException: / by zero
	at PracticesBYTestNG.ThirdTest.tesgdfgting(ThirdTest.java:26)
	at sun.reflect.NativeMethodAccessorImpl.invoke0(Native Method)
	at sun.reflect.NativeMethodAccessorImpl.invoke(Unknown Source)
	at sun.reflect.DelegatingMethodAccessorImpl.invoke(Unknown Source)
	at java.lang.reflect.Method.invoke(Unknown Source)
	at org.testng.internal.MethodInvocationHelper.invokeMethod(MethodInvocationHelper.java:86)
	at org.testng.internal.Invoker.invokeMethod(Invoker.java:646)
	at org.testng.internal.Invoker.invokeTestMethod(Invoker.java:823)
	at org.testng.internal.Invoker.invokeTestMethods(Invoker.java:1131)
	at org.testng.internal.TestMethodWorker.invokeTestMethods(TestMethodWorker.java:129)
	at org.testng.internal.TestMethodWorker.run(TestMethodWorker.java:112)
	at org.testng.TestRunner.privateRun(TestRunner.java:778)
	at org.testng.TestRunner.run(TestRunner.java:632)
	at org.testng.SuiteRunner.runTest(SuiteRunner.java:366)
	at org.testng.SuiteRunner.runSequentially(SuiteRunner.java:361)
	at org.testng.SuiteRunner.privateRun(SuiteRunner.java:319)
	at org.testng.SuiteRunner.run(SuiteRunner.java:268)
	at org.testng.SuiteRunnerWorker.runSuite(SuiteRunnerWorker.java:52)
	at org.testng.SuiteRunnerWorker.run(SuiteRunnerWorker.java:86)
	at org.testng.TestNG.runSuitesSequentially(TestNG.java:1225)
	at org.testng.TestNG.runSuitesLocally(TestNG.java:1150)
	at org.testng.TestNG.runSuites(TestNG.java:1075)
	at org.testng.TestNG.run(TestNG.java:1047)
	at org.testng.remote.AbstractRemoteTestNG.run(AbstractRemoteTestNG.java:126)
	at org.testng.remote.RemoteTestNG.initAndRun(RemoteTestNG.java:137)
	at org.testng.remote.RemoteTestNG.main(RemoteTestNG.java:58)
</pre></div></td>
<td>0</td>
<td>PracticesBYTestNG.ThirdTest@7ac7a4e4</td></tr>
<tr>
<td title='PracticesBYTestNG.SecondTesting.testidsfdng()'><b>testidsfdng</b><br>Test class: PracticesBYTestNG.SecondTesting</td>
<td><div><pre>java.lang.ArithmeticException: / by zero
	at PracticesBYTestNG.SecondTesting.testidsfdng(SecondTesting.java:26)
... Removed 25 stack frames</pre></div><a href='#' onClick='toggleBox("stack-trace2042495840", this, "Click to show all stack frames", "Click to hide stack frames")'>Click to show all stack frames</a>
<div class='stack-trace' id='stack-trace2042495840'><pre>java.lang.ArithmeticException: / by zero
	at PracticesBYTestNG.SecondTesting.testidsfdng(SecondTesting.java:26)
	at sun.reflect.NativeMethodAccessorImpl.invoke0(Native Method)
	at sun.reflect.NativeMethodAccessorImpl.invoke(Unknown Source)
	at sun.reflect.DelegatingMethodAccessorImpl.invoke(Unknown Source)
	at java.lang.reflect.Method.invoke(Unknown Source)
	at org.testng.internal.MethodInvocationHelper.invokeMethod(MethodInvocationHelper.java:86)
	at org.testng.internal.Invoker.invokeMethod(Invoker.java:646)
	at org.testng.internal.Invoker.invokeTestMethod(Invoker.java:823)
	at org.testng.internal.Invoker.invokeTestMethods(Invoker.java:1131)
	at org.testng.internal.TestMethodWorker.invokeTestMethods(TestMethodWorker.java:129)
	at org.testng.internal.TestMethodWorker.run(TestMethodWorker.java:112)
	at org.testng.TestRunner.privateRun(TestRunner.java:778)
	at org.testng.TestRunner.run(TestRunner.java:632)
	at org.testng.SuiteRunner.runTest(SuiteRunner.java:366)
	at org.testng.SuiteRunner.runSequentially(SuiteRunner.java:361)
	at org.testng.SuiteRunner.privateRun(SuiteRunner.java:319)
	at org.testng.SuiteRunner.run(SuiteRunner.java:268)
	at org.testng.SuiteRunnerWorker.runSuite(SuiteRunnerWorker.java:52)
	at org.testng.SuiteRunnerWorker.run(SuiteRunnerWorker.java:86)
	at org.testng.TestNG.runSuitesSequentially(TestNG.java:1225)
	at org.testng.TestNG.runSuitesLocally(TestNG.java:1150)
	at org.testng.TestNG.runSuites(TestNG.java:1075)
	at org.testng.TestNG.run(TestNG.java:1047)
	at org.testng.remote.AbstractRemoteTestNG.run(AbstractRemoteTestNG.java:126)
	at org.testng.remote.RemoteTestNG.initAndRun(RemoteTestNG.java:137)
	at org.testng.remote.RemoteTestNG.main(RemoteTestNG.java:58)
</pre></div></td>
<td>0</td>
<td>PracticesBYTestNG.SecondTesting@6d78f375</td></tr>
<tr>
<td title='PracticesBYTestNG.TestNGKeyWoards.testing()'><b>testing</b><br>Test class: PracticesBYTestNG.TestNGKeyWoards</td>
<td><div><pre>java.lang.ArithmeticException: / by zero
	at PracticesBYTestNG.TestNGKeyWoards.testing(TestNGKeyWoards.java:39)
... Removed 25 stack frames</pre></div><a href='#' onClick='toggleBox("stack-trace1558712965", this, "Click to show all stack frames", "Click to hide stack frames")'>Click to show all stack frames</a>
<div class='stack-trace' id='stack-trace1558712965'><pre>java.lang.ArithmeticException: / by zero
	at PracticesBYTestNG.TestNGKeyWoards.testing(TestNGKeyWoards.java:39)
	at sun.reflect.NativeMethodAccessorImpl.invoke0(Native Method)
	at sun.reflect.NativeMethodAccessorImpl.invoke(Unknown Source)
	at sun.reflect.DelegatingMethodAccessorImpl.invoke(Unknown Source)
	at java.lang.reflect.Method.invoke(Unknown Source)
	at org.testng.internal.MethodInvocationHelper.invokeMethod(MethodInvocationHelper.java:86)
	at org.testng.internal.Invoker.invokeMethod(Invoker.java:646)
	at org.testng.internal.Invoker.invokeTestMethod(Invoker.java:823)
	at org.testng.internal.Invoker.invokeTestMethods(Invoker.java:1131)
	at org.testng.internal.TestMethodWorker.invokeTestMethods(TestMethodWorker.java:129)
	at org.testng.internal.TestMethodWorker.run(TestMethodWorker.java:112)
	at org.testng.TestRunner.privateRun(TestRunner.java:778)
	at org.testng.TestRunner.run(TestRunner.java:632)
	at org.testng.SuiteRunner.runTest(SuiteRunner.java:366)
	at org.testng.SuiteRunner.runSequentially(SuiteRunner.java:361)
	at org.testng.SuiteRunner.privateRun(SuiteRunner.java:319)
	at org.testng.SuiteRunner.run(SuiteRunner.java:268)
	at org.testng.SuiteRunnerWorker.runSuite(SuiteRunnerWorker.java:52)
	at org.testng.SuiteRunnerWorker.run(SuiteRunnerWorker.java:86)
	at org.testng.TestNG.runSuitesSequentially(TestNG.java:1225)
	at org.testng.TestNG.runSuitesLocally(TestNG.java:1150)
	at org.testng.TestNG.runSuites(TestNG.java:1075)
	at org.testng.TestNG.run(TestNG.java:1047)
	at org.testng.remote.AbstractRemoteTestNG.run(AbstractRemoteTestNG.java:126)
	at org.testng.remote.RemoteTestNG.initAndRun(RemoteTestNG.java:137)
	at org.testng.remote.RemoteTestNG.main(RemoteTestNG.java:58)
</pre></div></td>
<td>0</td>
<td>PracticesBYTestNG.TestNGKeyWoards@548b7f67</td></tr>
</table><p>
<table width='100%' border='1' class='invocation-passed'>
<tr><td colspan='4' align='center'><b>PASSED TESTS</b></td></tr>
<tr><td><b>Test method</b></td>
<td width="30%"><b>Exception</b></td>
<td width="10%"><b>Time (seconds)</b></td>
<td><b>Instance</b></td>
</tr>
<tr>
<td title='PracticesBYTestNG.SecondTesting.qdfdsftp()'><b>qdfdsftp</b><br>Test class: PracticesBYTestNG.SecondTesting</td>
<td></td>
<td>0</td>
<td>PracticesBYTestNG.SecondTesting@6d78f375</td></tr>
<tr>
<td title='PracticesBYTestNG.SecondTesting.qdfdsftp()'><b>qdfdsftp</b><br>Test class: PracticesBYTestNG.SecondTesting</td>
<td></td>
<td>0</td>
<td>PracticesBYTestNG.SecondTesting@6d78f375</td></tr>
<tr>
<td title='PracticesBYTestNG.SecondTesting.qdfdsftp()'><b>qdfdsftp</b><br>Test class: PracticesBYTestNG.SecondTesting</td>
<td></td>
<td>0</td>
<td>PracticesBYTestNG.SecondTesting@6d78f375</td></tr>
<tr>
<td title='PracticesBYTestNG.SecondTesting.qdfdsftp()'><b>qdfdsftp</b><br>Test class: PracticesBYTestNG.SecondTesting</td>
<td></td>
<td>0</td>
<td>PracticesBYTestNG.SecondTesting@6d78f375</td></tr>
<tr>
<td title='PracticesBYTestNG.SecondTesting.qdfdsftp()'><b>qdfdsftp</b><br>Test class: PracticesBYTestNG.SecondTesting</td>
<td></td>
<td>0</td>
<td>PracticesBYTestNG.SecondTesting@6d78f375</td></tr>
<tr>
<td title='PracticesBYTestNG.SecondTesting.qdfdsftp()'><b>qdfdsftp</b><br>Test class: PracticesBYTestNG.SecondTesting</td>
<td></td>
<td>0</td>
<td>PracticesBYTestNG.SecondTesting@6d78f375</td></tr>
<tr>
<td title='PracticesBYTestNG.SecondTesting.qdfdsftp()'><b>qdfdsftp</b><br>Test class: PracticesBYTestNG.SecondTesting</td>
<td></td>
<td>0</td>
<td>PracticesBYTestNG.SecondTesting@6d78f375</td></tr>
<tr>
<td title='PracticesBYTestNG.SecondTesting.qdfdsftp()'><b>qdfdsftp</b><br>Test class: PracticesBYTestNG.SecondTesting</td>
<td></td>
<td>0</td>
<td>PracticesBYTestNG.SecondTesting@6d78f375</td></tr>
<tr>
<td title='PracticesBYTestNG.SecondTesting.qdfdsftp()'><b>qdfdsftp</b><br>Test class: PracticesBYTestNG.SecondTesting</td>
<td></td>
<td>0</td>
<td>PracticesBYTestNG.SecondTesting@6d78f375</td></tr>
<tr>
<td title='PracticesBYTestNG.SecondTesting.qdfdsftp()'><b>qdfdsftp</b><br>Test class: PracticesBYTestNG.SecondTesting</td>
<td></td>
<td>0</td>
<td>PracticesBYTestNG.SecondTesting@6d78f375</td></tr>
<tr>
<td title='PracticesBYTestNG.ThirdTest.qeewrtp()'><b>qeewrtp</b><br>Test class: PracticesBYTestNG.ThirdTest</td>
<td></td>
<td>0</td>
<td>PracticesBYTestNG.ThirdTest@7ac7a4e4</td></tr>
<tr>
<td title='PracticesBYTestNG.ThirdTest.qeewrtp()'><b>qeewrtp</b><br>Test class: PracticesBYTestNG.ThirdTest</td>
<td></td>
<td>0</td>
<td>PracticesBYTestNG.ThirdTest@7ac7a4e4</td></tr>
<tr>
<td title='PracticesBYTestNG.ThirdTest.qeewrtp()'><b>qeewrtp</b><br>Test class: PracticesBYTestNG.ThirdTest</td>
<td></td>
<td>0</td>
<td>PracticesBYTestNG.ThirdTest@7ac7a4e4</td></tr>
<tr>
<td title='PracticesBYTestNG.ThirdTest.qeewrtp()'><b>qeewrtp</b><br>Test class: PracticesBYTestNG.ThirdTest</td>
<td></td>
<td>0</td>
<td>PracticesBYTestNG.ThirdTest@7ac7a4e4</td></tr>
<tr>
<td title='PracticesBYTestNG.ThirdTest.qeewrtp()'><b>qeewrtp</b><br>Test class: PracticesBYTestNG.ThirdTest</td>
<td></td>
<td>0</td>
<td>PracticesBYTestNG.ThirdTest@7ac7a4e4</td></tr>
<tr>
<td title='PracticesBYTestNG.ThirdTest.qeewrtp()'><b>qeewrtp</b><br>Test class: PracticesBYTestNG.ThirdTest</td>
<td></td>
<td>0</td>
<td>PracticesBYTestNG.ThirdTest@7ac7a4e4</td></tr>
<tr>
<td title='PracticesBYTestNG.ThirdTest.qeewrtp()'><b>qeewrtp</b><br>Test class: PracticesBYTestNG.ThirdTest</td>
<td></td>
<td>0</td>
<td>PracticesBYTestNG.ThirdTest@7ac7a4e4</td></tr>
<tr>
<td title='PracticesBYTestNG.ThirdTest.qeewrtp()'><b>qeewrtp</b><br>Test class: PracticesBYTestNG.ThirdTest</td>
<td></td>
<td>0</td>
<td>PracticesBYTestNG.ThirdTest@7ac7a4e4</td></tr>
<tr>
<td title='PracticesBYTestNG.ThirdTest.qeewrtp()'><b>qeewrtp</b><br>Test class: PracticesBYTestNG.ThirdTest</td>
<td></td>
<td>0</td>
<td>PracticesBYTestNG.ThirdTest@7ac7a4e4</td></tr>
<tr>
<td title='PracticesBYTestNG.ThirdTest.qeewrtp()'><b>qeewrtp</b><br>Test class: PracticesBYTestNG.ThirdTest</td>
<td></td>
<td>0</td>
<td>PracticesBYTestNG.ThirdTest@7ac7a4e4</td></tr>
<tr>
<td title='PracticesBYTestNG.TestNGKeyWoards.qtp()'><b>qtp</b><br>Test class: PracticesBYTestNG.TestNGKeyWoards</td>
<td></td>
<td>0</td>
<td>PracticesBYTestNG.TestNGKeyWoards@548b7f67</td></tr>
<tr>
<td title='PracticesBYTestNG.TestNGKeyWoards.qtp()'><b>qtp</b><br>Test class: PracticesBYTestNG.TestNGKeyWoards</td>
<td></td>
<td>0</td>
<td>PracticesBYTestNG.TestNGKeyWoards@548b7f67</td></tr>
<tr>
<td title='PracticesBYTestNG.TestNGKeyWoards.qtp()'><b>qtp</b><br>Test class: PracticesBYTestNG.TestNGKeyWoards</td>
<td></td>
<td>0</td>
<td>PracticesBYTestNG.TestNGKeyWoards@548b7f67</td></tr>
<tr>
<td title='PracticesBYTestNG.TestNGKeyWoards.qtp()'><b>qtp</b><br>Test class: PracticesBYTestNG.TestNGKeyWoards</td>
<td></td>
<td>0</td>
<td>PracticesBYTestNG.TestNGKeyWoards@548b7f67</td></tr>
<tr>
<td title='PracticesBYTestNG.TestNGKeyWoards.qtp()'><b>qtp</b><br>Test class: PracticesBYTestNG.TestNGKeyWoards</td>
<td></td>
<td>0</td>
<td>PracticesBYTestNG.TestNGKeyWoards@548b7f67</td></tr>
<tr>
<td title='PracticesBYTestNG.TestNGKeyWoards.qtp()'><b>qtp</b><br>Test class: PracticesBYTestNG.TestNGKeyWoards</td>
<td></td>
<td>0</td>
<td>PracticesBYTestNG.TestNGKeyWoards@548b7f67</td></tr>
<tr>
<td title='PracticesBYTestNG.TestNGKeyWoards.qtp()'><b>qtp</b><br>Test class: PracticesBYTestNG.TestNGKeyWoards</td>
<td></td>
<td>0</td>
<td>PracticesBYTestNG.TestNGKeyWoards@548b7f67</td></tr>
<tr>
<td title='PracticesBYTestNG.TestNGKeyWoards.qtp()'><b>qtp</b><br>Test class: PracticesBYTestNG.TestNGKeyWoards</td>
<td></td>
<td>0</td>
<td>PracticesBYTestNG.TestNGKeyWoards@548b7f67</td></tr>
<tr>
<td title='PracticesBYTestNG.TestNGKeyWoards.qtp()'><b>qtp</b><br>Test class: PracticesBYTestNG.TestNGKeyWoards</td>
<td></td>
<td>0</td>
<td>PracticesBYTestNG.TestNGKeyWoards@548b7f67</td></tr>
<tr>
<td title='PracticesBYTestNG.TestNGKeyWoards.qtp()'><b>qtp</b><br>Test class: PracticesBYTestNG.TestNGKeyWoards</td>
<td></td>
<td>0</td>
<td>PracticesBYTestNG.TestNGKeyWoards@548b7f67</td></tr>
</table><p>
<table width='100%' border='1' class='invocation-skipped'>
<tr><td colspan='4' align='center'><b>SKIPPED TESTS</b></td></tr>
<tr><td><b>Test method</b></td>
<td width="30%"><b>Exception</b></td>
<td width="10%"><b>Time (seconds)</b></td>
<td><b>Instance</b></td>
</tr>
<tr>
<td title='PracticesBYTestNG.SecondTesting.Dedfdsfve()'><b>Dedfdsfve</b><br>Test class: PracticesBYTestNG.SecondTesting</td>
<td><div><pre>java.lang.Throwable: Method SecondTesting.Dedfdsfve()[pri:4, instance:PracticesBYTestNG.SecondTesting@6d78f375] depends on not successfully finished methods
... Removed 18 stack frames</pre></div><a href='#' onClick='toggleBox("stack-trace1731722639", this, "Click to show all stack frames", "Click to hide stack frames")'>Click to show all stack frames</a>
<div class='stack-trace' id='stack-trace1731722639'><pre>java.lang.Throwable: Method SecondTesting.Dedfdsfve()[pri:4, instance:PracticesBYTestNG.SecondTesting@6d78f375] depends on not successfully finished methods
	at org.testng.internal.Invoker.invokeTestMethods(Invoker.java:1040)
	at org.testng.internal.TestMethodWorker.invokeTestMethods(TestMethodWorker.java:129)
	at org.testng.internal.TestMethodWorker.run(TestMethodWorker.java:112)
	at org.testng.TestRunner.privateRun(TestRunner.java:778)
	at org.testng.TestRunner.run(TestRunner.java:632)
	at org.testng.SuiteRunner.runTest(SuiteRunner.java:366)
	at org.testng.SuiteRunner.runSequentially(SuiteRunner.java:361)
	at org.testng.SuiteRunner.privateRun(SuiteRunner.java:319)
	at org.testng.SuiteRunner.run(SuiteRunner.java:268)
	at org.testng.SuiteRunnerWorker.runSuite(SuiteRunnerWorker.java:52)
	at org.testng.SuiteRunnerWorker.run(SuiteRunnerWorker.java:86)
	at org.testng.TestNG.runSuitesSequentially(TestNG.java:1225)
	at org.testng.TestNG.runSuitesLocally(TestNG.java:1150)
	at org.testng.TestNG.runSuites(TestNG.java:1075)
	at org.testng.TestNG.run(TestNG.java:1047)
	at org.testng.remote.AbstractRemoteTestNG.run(AbstractRemoteTestNG.java:126)
	at org.testng.remote.RemoteTestNG.initAndRun(RemoteTestNG.java:137)
	at org.testng.remote.RemoteTestNG.main(RemoteTestNG.java:58)
</pre></div></td>
<td>0</td>
<td>null</td></tr>
<tr>
<td title='PracticesBYTestNG.ThirdTest.Dehggfhe()'><b>Dehggfhe</b><br>Test class: PracticesBYTestNG.ThirdTest</td>
<td><div><pre>java.lang.Throwable: Method ThirdTest.Dehggfhe()[pri:4, instance:PracticesBYTestNG.ThirdTest@7ac7a4e4] depends on not successfully finished methods
... Removed 18 stack frames</pre></div><a href='#' onClick='toggleBox("stack-trace2068434592", this, "Click to show all stack frames", "Click to hide stack frames")'>Click to show all stack frames</a>
<div class='stack-trace' id='stack-trace2068434592'><pre>java.lang.Throwable: Method ThirdTest.Dehggfhe()[pri:4, instance:PracticesBYTestNG.ThirdTest@7ac7a4e4] depends on not successfully finished methods
	at org.testng.internal.Invoker.invokeTestMethods(Invoker.java:1040)
	at org.testng.internal.TestMethodWorker.invokeTestMethods(TestMethodWorker.java:129)
	at org.testng.internal.TestMethodWorker.run(TestMethodWorker.java:112)
	at org.testng.TestRunner.privateRun(TestRunner.java:778)
	at org.testng.TestRunner.run(TestRunner.java:632)
	at org.testng.SuiteRunner.runTest(SuiteRunner.java:366)
	at org.testng.SuiteRunner.runSequentially(SuiteRunner.java:361)
	at org.testng.SuiteRunner.privateRun(SuiteRunner.java:319)
	at org.testng.SuiteRunner.run(SuiteRunner.java:268)
	at org.testng.SuiteRunnerWorker.runSuite(SuiteRunnerWorker.java:52)
	at org.testng.SuiteRunnerWorker.run(SuiteRunnerWorker.java:86)
	at org.testng.TestNG.runSuitesSequentially(TestNG.java:1225)
	at org.testng.TestNG.runSuitesLocally(TestNG.java:1150)
	at org.testng.TestNG.runSuites(TestNG.java:1075)
	at org.testng.TestNG.run(TestNG.java:1047)
	at org.testng.remote.AbstractRemoteTestNG.run(AbstractRemoteTestNG.java:126)
	at org.testng.remote.RemoteTestNG.initAndRun(RemoteTestNG.java:137)
	at org.testng.remote.RemoteTestNG.main(RemoteTestNG.java:58)
</pre></div></td>
<td>0</td>
<td>null</td></tr>
<tr>
<td title='PracticesBYTestNG.TestNGKeyWoards.Deve()'><b>Deve</b><br>Test class: PracticesBYTestNG.TestNGKeyWoards</td>
<td><div><pre>java.lang.Throwable: Method TestNGKeyWoards.Deve()[pri:4, instance:PracticesBYTestNG.TestNGKeyWoards@548b7f67] depends on not successfully finished methods
... Removed 18 stack frames</pre></div><a href='#' onClick='toggleBox("stack-trace1522311648", this, "Click to show all stack frames", "Click to hide stack frames")'>Click to show all stack frames</a>
<div class='stack-trace' id='stack-trace1522311648'><pre>java.lang.Throwable: Method TestNGKeyWoards.Deve()[pri:4, instance:PracticesBYTestNG.TestNGKeyWoards@548b7f67] depends on not successfully finished methods
	at org.testng.internal.Invoker.invokeTestMethods(Invoker.java:1040)
	at org.testng.internal.TestMethodWorker.invokeTestMethods(TestMethodWorker.java:129)
	at org.testng.internal.TestMethodWorker.run(TestMethodWorker.java:112)
	at org.testng.TestRunner.privateRun(TestRunner.java:778)
	at org.testng.TestRunner.run(TestRunner.java:632)
	at org.testng.SuiteRunner.runTest(SuiteRunner.java:366)
	at org.testng.SuiteRunner.runSequentially(SuiteRunner.java:361)
	at org.testng.SuiteRunner.privateRun(SuiteRunner.java:319)
	at org.testng.SuiteRunner.run(SuiteRunner.java:268)
	at org.testng.SuiteRunnerWorker.runSuite(SuiteRunnerWorker.java:52)
	at org.testng.SuiteRunnerWorker.run(SuiteRunnerWorker.java:86)
	at org.testng.TestNG.runSuitesSequentially(TestNG.java:1225)
	at org.testng.TestNG.runSuitesLocally(TestNG.java:1150)
	at org.testng.TestNG.runSuites(TestNG.java:1075)
	at org.testng.TestNG.run(TestNG.java:1047)
	at org.testng.remote.AbstractRemoteTestNG.run(AbstractRemoteTestNG.java:126)
	at org.testng.remote.RemoteTestNG.initAndRun(RemoteTestNG.java:137)
	at org.testng.remote.RemoteTestNG.main(RemoteTestNG.java:58)
</pre></div></td>
<td>0</td>
<td>null</td></tr>
</table><p>
</body>
</html>